Assembler report for lab1
Thu Apr 11 13:33:26 2019
Quartus II Version 8.1 Build 163 10/28/2008 SJ Web Edition


---------------------
; Table of Contents ;
---------------------
  1. Legal Notice
  2. Assembler Summary
  3. Assembler Settings
  4. Assembler Generated Files
  5. Assembler Device Options: X:/lab1.sof
  6. Assembler Device Options: X:/lab1.rbf
  7. Assembler Messages



----------------
; Legal Notice ;
----------------
Copyright (C) 1991-2008 Altera Corporation
Your use of Altera Corporation's design tools, logic functions 
and other software and tools, and its AMPP partner logic 
functions, and any output files from any of the foregoing 
(including device programming or simulation files), and any 
associated documentation or information are expressly subject 
to the terms and conditions of the Altera Program License 
Subscription Agreement, Altera MegaCore Function License 
Agreement, or other applicable license agreement, including, 
without limitation, that your use is for the sole purpose of 
programming logic devices manufactured by Altera and sold by 
Altera or its authorized distributors.  Please refer to the 
applicable agreement for further details.



+---------------------------------------------------------------+
; Assembler Summary                                             ;
+-----------------------+---------------------------------------+
; Assembler Status      ; Successful - Thu Apr 11 13:33:26 2019 ;
; Revision Name         ; lab1                                  ;
; Top-level Entity Name ; lab1_top                              ;
; Family                ; FLEX6000                              ;
; Device                ; EPF6016TC144-2                        ;
+-----------------------+---------------------------------------+


+--------------------------------------------------------------------------------------------------------+
; Assembler Settings                                                                                     ;
+-----------------------------------------------------------------------------+----------+---------------+
; Option                                                                      ; Setting  ; Default Value ;
+-----------------------------------------------------------------------------+----------+---------------+
; Use configuration device                                                    ; Off      ; On            ;
; Generate Raw Binary File (.rbf) For Target Device                           ; On       ; Off           ;
; Use smart compilation                                                       ; Off      ; Off           ;
; Compression mode                                                            ; Off      ; Off           ;
; Clock source for configuration device                                       ; Internal ; Internal      ;
; Clock frequency of the configuration device                                 ; 10 MHZ   ; 10 MHz        ;
; Divide clock frequency by                                                   ; 1        ; 1             ;
; Low-voltage mode                                                            ; Off      ; Off           ;
; Auto user code                                                              ; Off      ; Off           ;
; Configuration device                                                        ; Auto     ; Auto          ;
; Configuration device auto user code                                         ; Off      ; Off           ;
; Generate Tabular Text File (.ttf) For Target Device                         ; Off      ; Off           ;
; Generate Hexadecimal (Intel-Format) Output File (.hexout) for Target Device ; Off      ; Off           ;
; Hexadecimal Output File start address                                       ; 0        ; 0             ;
; Hexadecimal Output File count direction                                     ; Up       ; Up            ;
; Release clears before tri-states                                            ; Off      ; Off           ;
; Auto-restart configuration after error                                      ; On       ; On            ;
+-----------------------------------------------------------------------------+----------+---------------+


+---------------------------+
; Assembler Generated Files ;
+---------------------------+
; File Name                 ;
+---------------------------+
; X:/lab1.sof               ;
; X:/lab1.rbf               ;
+---------------------------+


+---------------------------------------+
; Assembler Device Options: X:/lab1.sof ;
+----------------+----------------------+
; Option         ; Setting              ;
+----------------+----------------------+
; Device         ; EPF6016TC144-2       ;
; JTAG usercode  ; 0xFFFFFFFF           ;
; Checksum       ; 0x00006BB6           ;
+----------------+----------------------+


+---------------------------------------+
; Assembler Device Options: X:/lab1.rbf ;
+---------------------+-----------------+
; Option              ; Setting         ;
+---------------------+-----------------+
; Raw Binary File     ;                 ;
;  Compression Ratio  ; 1               ;
+---------------------+-----------------+


+--------------------+
; Assembler Messages ;
+--------------------+
Info: *******************************************************************
Info: Running Quartus II Assembler
    Info: Version 8.1 Build 163 10/28/2008 SJ Web Edition
    Info: Processing started: Thu Apr 11 13:33:25 2019
Info: Command: quartus_asm --read_settings_files=off --write_settings_files=off lab1 -c lab1
Info: Assembler is generating device programming files
Info: Quartus II Assembler was successful. 0 errors, 0 warnings
    Info: Peak virtual memory: 185 megabytes
    Info: Processing ended: Thu Apr 11 13:33:26 2019
    Info: Elapsed time: 00:00:01
    Info: Total CPU time (on all processors): 00:00:00


