Classic Timing Analyzer report for lab2
Thu Apr 18 15:45:33 2019
Quartus II Version 8.1 Build 163 10/28/2008 SJ Web Edition


---------------------
; Table of Contents ;
---------------------
  1. Legal Notice
  2. Timing Analyzer Summary
  3. Timing Analyzer Settings
  4. tpd
  5. Timing Analyzer Messages



----------------
; Legal Notice ;
----------------
Copyright (C) 1991-2008 Altera Corporation
Your use of Altera Corporation's design tools, logic functions 
and other software and tools, and its AMPP partner logic 
functions, and any output files from any of the foregoing 
(including device programming or simulation files), and any 
associated documentation or information are expressly subject 
to the terms and conditions of the Altera Program License 
Subscription Agreement, Altera MegaCore Function License 
Agreement, or other applicable license agreement, including, 
without limitation, that your use is for the sole purpose of 
programming logic devices manufactured by Altera and sold by 
Altera or its authorized distributors.  Please refer to the 
applicable agreement for further details.



+-------------------------------------------------------------------------------------------------------------------------+
; Timing Analyzer Summary                                                                                                 ;
+------------------------------+-------+---------------+-------------+------+------+------------+----------+--------------+
; Type                         ; Slack ; Required Time ; Actual Time ; From ; To   ; From Clock ; To Clock ; Failed Paths ;
+------------------------------+-------+---------------+-------------+------+------+------------+----------+--------------+
; Worst-case tpd               ; N/A   ; None          ; 27.000 ns   ; A[0] ; S[3] ; --         ; --       ; 0            ;
; Total number of failed paths ;       ;               ;             ;      ;      ;            ;          ; 0            ;
+------------------------------+-------+---------------+-------------+------+------+------------+----------+--------------+


+--------------------------------------------------------------------------------------------------------------------+
; Timing Analyzer Settings                                                                                           ;
+---------------------------------------------------------------------+--------------------+------+----+-------------+
; Option                                                              ; Setting            ; From ; To ; Entity Name ;
+---------------------------------------------------------------------+--------------------+------+----+-------------+
; Device Name                                                         ; EPF6016TC144-2     ;      ;    ;             ;
; Timing Models                                                       ; Final              ;      ;    ;             ;
; Default hold multicycle                                             ; Same as Multicycle ;      ;    ;             ;
; Cut paths between unrelated clock domains                           ; On                 ;      ;    ;             ;
; Cut off read during write signal paths                              ; On                 ;      ;    ;             ;
; Cut off feedback from I/O pins                                      ; On                 ;      ;    ;             ;
; Report Combined Fast/Slow Timing                                    ; Off                ;      ;    ;             ;
; Ignore Clock Settings                                               ; Off                ;      ;    ;             ;
; Analyze latches as synchronous elements                             ; On                 ;      ;    ;             ;
; Enable Recovery/Removal analysis                                    ; Off                ;      ;    ;             ;
; Enable Clock Latency                                                ; Off                ;      ;    ;             ;
; Use TimeQuest Timing Analyzer                                       ; Off                ;      ;    ;             ;
; Minimum Core Junction Temperature                                   ; 0                  ;      ;    ;             ;
; Maximum Core Junction Temperature                                   ; 85                 ;      ;    ;             ;
; Number of source nodes to report per destination node               ; 10                 ;      ;    ;             ;
; Number of destination nodes to report                               ; 10                 ;      ;    ;             ;
; Number of paths to report                                           ; 200                ;      ;    ;             ;
; Report Minimum Timing Checks                                        ; Off                ;      ;    ;             ;
; Use Fast Timing Models                                              ; Off                ;      ;    ;             ;
; Report IO Paths Separately                                          ; Off                ;      ;    ;             ;
; Perform Multicorner Analysis                                        ; Off                ;      ;    ;             ;
; Reports the worst-case path for each clock domain and analysis      ; Off                ;      ;    ;             ;
; Removes common clock path pessimism (CCPP) during slack computation ; Off                ;      ;    ;             ;
; Output I/O Timing Endpoint                                          ; Near End           ;      ;    ;             ;
+---------------------------------------------------------------------+--------------------+------+----+-------------+


+-----------------------------------------------------------+
; tpd                                                       ;
+-------+-------------------+-----------------+------+------+
; Slack ; Required P2P Time ; Actual P2P Time ; From ; To   ;
+-------+-------------------+-----------------+------+------+
; N/A   ; None              ; 27.000 ns       ; A[0] ; Cout ;
; N/A   ; None              ; 27.000 ns       ; A[0] ; S[3] ;
; N/A   ; None              ; 25.300 ns       ; B[0] ; Cout ;
; N/A   ; None              ; 25.300 ns       ; B[0] ; S[3] ;
; N/A   ; None              ; 25.200 ns       ; Cin  ; Cout ;
; N/A   ; None              ; 25.200 ns       ; Cin  ; S[3] ;
; N/A   ; None              ; 24.500 ns       ; A[1] ; Cout ;
; N/A   ; None              ; 24.500 ns       ; A[1] ; S[3] ;
; N/A   ; None              ; 24.000 ns       ; A[0] ; S[2] ;
; N/A   ; None              ; 22.500 ns       ; B[1] ; Cout ;
; N/A   ; None              ; 22.500 ns       ; B[1] ; S[3] ;
; N/A   ; None              ; 22.300 ns       ; B[0] ; S[2] ;
; N/A   ; None              ; 22.200 ns       ; Cin  ; S[2] ;
; N/A   ; None              ; 21.500 ns       ; A[1] ; S[2] ;
; N/A   ; None              ; 21.300 ns       ; A[2] ; S[3] ;
; N/A   ; None              ; 19.500 ns       ; B[1] ; S[2] ;
; N/A   ; None              ; 19.400 ns       ; B[2] ; S[3] ;
; N/A   ; None              ; 18.800 ns       ; A[0] ; S[1] ;
; N/A   ; None              ; 18.700 ns       ; A[2] ; Cout ;
; N/A   ; None              ; 18.100 ns       ; A[3] ; S[3] ;
; N/A   ; None              ; 17.100 ns       ; B[0] ; S[1] ;
; N/A   ; None              ; 17.000 ns       ; B[3] ; S[3] ;
; N/A   ; None              ; 17.000 ns       ; Cin  ; S[1] ;
; N/A   ; None              ; 16.800 ns       ; B[2] ; Cout ;
; N/A   ; None              ; 15.900 ns       ; A[0] ; S[0] ;
; N/A   ; None              ; 15.700 ns       ; A[2] ; S[2] ;
; N/A   ; None              ; 15.700 ns       ; A[1] ; S[1] ;
; N/A   ; None              ; 15.400 ns       ; A[3] ; Cout ;
; N/A   ; None              ; 14.200 ns       ; B[0] ; S[0] ;
; N/A   ; None              ; 14.100 ns       ; Cin  ; S[0] ;
; N/A   ; None              ; 14.000 ns       ; B[3] ; Cout ;
; N/A   ; None              ; 14.000 ns       ; B[1] ; S[1] ;
; N/A   ; None              ; 13.800 ns       ; B[2] ; S[2] ;
+-------+-------------------+-----------------+------+------+


+--------------------------+
; Timing Analyzer Messages ;
+--------------------------+
Info: *******************************************************************
Info: Running Quartus II Classic Timing Analyzer
    Info: Version 8.1 Build 163 10/28/2008 SJ Web Edition
    Info: Processing started: Thu Apr 18 15:45:32 2019
Info: Command: quartus_tan --read_settings_files=off --write_settings_files=off lab2 -c lab2
Info: Started post-fitting delay annotation
Info: Delay annotation completed successfully
Info: Longest tpd from source pin "A[0]" to destination pin "Cout" is 27.000 ns
    Info: 1: + IC(0.000 ns) + CELL(3.300 ns) = 3.300 ns; Loc. = PIN_38; Fanout = 3; PIN Node = 'A[0]'
    Info: 2: + IC(4.900 ns) + CELL(2.700 ns) = 10.900 ns; Loc. = LC3_A1; Fanout = 2; COMB Node = 'twoBitAdder:a0|Cout~209'
    Info: 3: + IC(0.200 ns) + CELL(2.400 ns) = 13.500 ns; Loc. = LC5_A1; Fanout = 3; COMB Node = 'twoBitAdder:a0|Cout~210'
    Info: 4: + IC(3.400 ns) + CELL(2.400 ns) = 19.300 ns; Loc. = LC6_B2; Fanout = 2; COMB Node = 'twoBitAdder:a1|S[1]~598'
    Info: 5: + IC(0.300 ns) + CELL(2.700 ns) = 22.300 ns; Loc. = LC5_B2; Fanout = 1; COMB Node = 'twoBitAdder:a1|Cout~161'
    Info: 6: + IC(2.400 ns) + CELL(2.300 ns) = 27.000 ns; Loc. = PIN_99; Fanout = 0; PIN Node = 'Cout'
    Info: Total cell delay = 15.800 ns ( 58.52 % )
    Info: Total interconnect delay = 11.200 ns ( 41.48 % )
Info: Quartus II Classic Timing Analyzer was successful. 0 errors, 0 warnings
    Info: Peak virtual memory: 176 megabytes
    Info: Processing ended: Thu Apr 18 15:45:33 2019
    Info: Elapsed time: 00:00:01
    Info: Total CPU time (on all processors): 00:00:00


