Analysis & Synthesis report for float_add
Wed May 01 02:54:55 2019
Quartus II Version 8.1 Build 163 10/28/2008 SJ Web Edition


---------------------
; Table of Contents ;
---------------------
  1. Legal Notice
  2. Analysis & Synthesis Summary
  3. Analysis & Synthesis Settings
  4. Analysis & Synthesis Source Files Read
  5. Analysis & Synthesis Resource Usage Summary
  6. Analysis & Synthesis Resource Utilization by Entity
  7. User-Specified and Inferred Latches
  8. General Register Statistics
  9. Analysis & Synthesis Messages



----------------
; Legal Notice ;
----------------
Copyright (C) 1991-2008 Altera Corporation
Your use of Altera Corporation's design tools, logic functions 
and other software and tools, and its AMPP partner logic 
functions, and any output files from any of the foregoing 
(including device programming or simulation files), and any 
associated documentation or information are expressly subject 
to the terms and conditions of the Altera Program License 
Subscription Agreement, Altera MegaCore Function License 
Agreement, or other applicable license agreement, including, 
without limitation, that your use is for the sole purpose of 
programming logic devices manufactured by Altera and sold by 
Altera or its authorized distributors.  Please refer to the 
applicable agreement for further details.



+-----------------------------------------------------------------------+
; Analysis & Synthesis Summary                                          ;
+-----------------------------+-----------------------------------------+
; Analysis & Synthesis Status ; Successful - Wed May 01 02:54:55 2019   ;
; Quartus II Version          ; 8.1 Build 163 10/28/2008 SJ Web Edition ;
; Revision Name               ; float_add                               ;
; Top-level Entity Name       ; float_add                               ;
; Family                      ; FLEX6000                                ;
; Total logic elements        ; 99                                      ;
; Total pins                  ; 24                                      ;
+-----------------------------+-----------------------------------------+


+-------------------------------------------------------------------------------------------------+
; Analysis & Synthesis Settings                                                                   ;
+----------------------------------------------------------------+----------------+---------------+
; Option                                                         ; Setting        ; Default Value ;
+----------------------------------------------------------------+----------------+---------------+
; Device                                                         ; EPF6016TC144-2 ;               ;
; Top-level entity name                                          ; float_add      ; float_add     ;
; Family name                                                    ; FLEX6000       ; Stratix II    ;
; Use Generated Physical Constraints File                        ; Off            ;               ;
; Use smart compilation                                          ; Off            ; Off           ;
; Create Debugging Nodes for IP Cores                            ; Off            ; Off           ;
; Preserve fewer node names                                      ; On             ; On            ;
; Disable OpenCore Plus hardware evaluation                      ; Off            ; Off           ;
; Verilog Version                                                ; Verilog_2001   ; Verilog_2001  ;
; VHDL Version                                                   ; VHDL93         ; VHDL93        ;
; State Machine Processing                                       ; Auto           ; Auto          ;
; Safe State Machine                                             ; Off            ; Off           ;
; Extract Verilog State Machines                                 ; On             ; On            ;
; Extract VHDL State Machines                                    ; On             ; On            ;
; Ignore Verilog initial constructs                              ; Off            ; Off           ;
; Iteration limit for constant Verilog loops                     ; 5000           ; 5000          ;
; Iteration limit for non-constant Verilog loops                 ; 250            ; 250           ;
; Add Pass-Through Logic to Inferred RAMs                        ; On             ; On            ;
; Parallel Synthesis                                             ; Off            ; Off           ;
; NOT Gate Push-Back                                             ; On             ; On            ;
; Power-Up Don't Care                                            ; On             ; On            ;
; Remove Redundant Logic Cells                                   ; Off            ; Off           ;
; Remove Duplicate Registers                                     ; On             ; On            ;
; Ignore CARRY Buffers                                           ; Off            ; Off           ;
; Ignore CASCADE Buffers                                         ; Off            ; Off           ;
; Ignore GLOBAL Buffers                                          ; Off            ; Off           ;
; Ignore ROW GLOBAL Buffers                                      ; Off            ; Off           ;
; Ignore LCELL Buffers                                           ; Off            ; Off           ;
; Ignore SOFT Buffers                                            ; On             ; On            ;
; Limit AHDL Integers to 32 Bits                                 ; Off            ; Off           ;
; Optimization Technique                                         ; Area           ; Area          ;
; Carry Chain Length                                             ; 32             ; 32            ;
; Cascade Chain Length                                           ; 2              ; 2             ;
; Auto Carry Chains                                              ; On             ; On            ;
; Auto Resource Sharing                                          ; Off            ; Off           ;
; Use LogicLock Constraints during Resource Balancing            ; On             ; On            ;
; Ignore translate_off and synthesis_off directives              ; Off            ; Off           ;
; Show Parameter Settings Tables in Synthesis Report             ; On             ; On            ;
; HDL message level                                              ; Level2         ; Level2        ;
; Suppress Register Optimization Related Messages                ; Off            ; Off           ;
; Number of Removed Registers Reported in Synthesis Report       ; 100            ; 100           ;
; Number of Inverted Registers Reported in Synthesis Report      ; 100            ; 100           ;
; Block Design Naming                                            ; Auto           ; Auto          ;
; Synthesis Effort                                               ; Auto           ; Auto          ;
; Allows Asynchronous Clear Usage For Shift Register Replacement ; On             ; On            ;
; Analysis & Synthesis Message Level                             ; Medium         ; Medium        ;
+----------------------------------------------------------------+----------------+---------------+


+------------------------------------------------------------------------------------------------------------------+
; Analysis & Synthesis Source Files Read                                                                           ;
+----------------------------------+-----------------+------------------------+------------------------------------+
; File Name with User-Entered Path ; Used in Netlist ; File Type              ; File Name with Absolute Path       ;
+----------------------------------+-----------------+------------------------+------------------------------------+
; adder.v                          ; yes             ; User Verilog HDL File  ; X:/ece152a/lab3/adder.v            ;
; big_number_first.v               ; yes             ; User Verilog HDL File  ; X:/ece152a/lab3/big_number_first.v ;
; float_add.v                      ; yes             ; User Verilog HDL File  ; X:/ece152a/lab3/float_add.v        ;
; fullAdder.v                      ; yes             ; User Verilog HDL File  ; X:/ece152a/lab3/fullAdder.v        ;
; shifter.v                        ; yes             ; User Verilog HDL File  ; X:/ece152a/lab3/shifter.v          ;
+----------------------------------+-----------------+------------------------+------------------------------------+


+-----------------------------------------------------------------------+
; Analysis & Synthesis Resource Usage Summary                           ;
+-----------------------------------+-----------------------------------+
; Resource                          ; Usage                             ;
+-----------------------------------+-----------------------------------+
; Total logic elements              ; 99                                ;
; Total combinational functions     ; 99                                ;
;     -- Total 4-input functions    ; 68                                ;
;     -- Total 3-input functions    ; 23                                ;
;     -- Total 2-input functions    ; 8                                 ;
;     -- Total 1-input functions    ; 0                                 ;
;     -- Total 0-input functions    ; 0                                 ;
; Total registers                   ; 0                                 ;
; Total logic cells in carry chains ; 3                                 ;
; I/O pins                          ; 24                                ;
; Maximum fan-out node              ; big_number_first:step1|always0~34 ;
; Maximum fan-out                   ; 25                                ;
; Total fan-out                     ; 374                               ;
; Average fan-out                   ; 3.04                              ;
+-----------------------------------+-----------------------------------+


+-------------------------------------------------------------------------------------------------------------------------------------------------------------------------------------------------------------------------+
; Analysis & Synthesis Resource Utilization by Entity                                                                                                                                                                     ;
+-----------------------------+-------------+--------------+-------------+------+--------------+-------------------+------------------+-----------------+------------+-------------------------------------+--------------+
; Compilation Hierarchy Node  ; Logic Cells ; LC Registers ; Memory Bits ; Pins ; LUT-Only LCs ; Register-Only LCs ; LUT/Register LCs ; Carry Chain LCs ; Packed LCs ; Full Hierarchy Name                 ; Library Name ;
+-----------------------------+-------------+--------------+-------------+------+--------------+-------------------+------------------+-----------------+------------+-------------------------------------+--------------+
; |float_add                  ; 99 (53)     ; 0            ; 0           ; 24   ; 99 (53)      ; 0 (0)             ; 0 (0)            ; 3 (3)           ; 0 (0)      ; |float_add                          ; work         ;
;    |adder:step3|            ; 12 (0)      ; 0            ; 0           ; 0    ; 12 (0)       ; 0 (0)             ; 0 (0)            ; 0 (0)           ; 0 (0)      ; |float_add|adder:step3              ; work         ;
;       |fullAdder:a0|        ; 2 (2)       ; 0            ; 0           ; 0    ; 2 (2)        ; 0 (0)             ; 0 (0)            ; 0 (0)           ; 0 (0)      ; |float_add|adder:step3|fullAdder:a0 ; work         ;
;       |fullAdder:a1|        ; 1 (1)       ; 0            ; 0           ; 0    ; 1 (1)        ; 0 (0)             ; 0 (0)            ; 0 (0)           ; 0 (0)      ; |float_add|adder:step3|fullAdder:a1 ; work         ;
;       |fullAdder:a2|        ; 4 (4)       ; 0            ; 0           ; 0    ; 4 (4)        ; 0 (0)             ; 0 (0)            ; 0 (0)           ; 0 (0)      ; |float_add|adder:step3|fullAdder:a2 ; work         ;
;       |fullAdder:a3|        ; 1 (1)       ; 0            ; 0           ; 0    ; 1 (1)        ; 0 (0)             ; 0 (0)            ; 0 (0)           ; 0 (0)      ; |float_add|adder:step3|fullAdder:a3 ; work         ;
;       |fullAdder:a4|        ; 4 (4)       ; 0            ; 0           ; 0    ; 4 (4)        ; 0 (0)             ; 0 (0)            ; 0 (0)           ; 0 (0)      ; |float_add|adder:step3|fullAdder:a4 ; work         ;
;    |big_number_first:step1| ; 11 (11)     ; 0            ; 0           ; 0    ; 11 (11)      ; 0 (0)             ; 0 (0)            ; 0 (0)           ; 0 (0)      ; |float_add|big_number_first:step1   ; work         ;
;    |shifter:step2|          ; 15 (15)     ; 0            ; 0           ; 0    ; 15 (15)      ; 0 (0)             ; 0 (0)            ; 0 (0)           ; 0 (0)      ; |float_add|shifter:step2            ; work         ;
;    |shifter:step4|          ; 4 (4)       ; 0            ; 0           ; 0    ; 4 (4)        ; 0 (0)             ; 0 (0)            ; 0 (0)           ; 0 (0)      ; |float_add|shifter:step4            ; work         ;
;    |shifter:step5|          ; 4 (4)       ; 0            ; 0           ; 0    ; 4 (4)        ; 0 (0)             ; 0 (0)            ; 0 (0)           ; 0 (0)      ; |float_add|shifter:step5            ; work         ;
+-----------------------------+-------------+--------------+-------------+------+--------------+-------------------+------------------+-----------------+------------+-------------------------------------+--------------+
Note: For table entries with two numbers listed, the numbers in parentheses indicate the number of resources of the given type used by the specific entity alone. The numbers listed outside of parentheses indicate the total resources of the given type used by the specific entity and all of its sub-entities in the hierarchy.


+---------------------------------------------------------------------------------------------------+
; User-Specified and Inferred Latches                                                               ;
+----------------------------------------------------+---------------------+------------------------+
; Latch Name                                         ; Latch Enable Signal ; Free of Timing Hazards ;
+----------------------------------------------------+---------------------+------------------------+
; distance3[2]                                       ; distance3[1]~0      ; yes                    ;
; distance3[0]                                       ; distance3[1]~0      ; yes                    ;
; distance3[1]                                       ; distance3[1]~0      ; yes                    ;
; Number of user-specified and inferred latches = 3  ;                     ;                        ;
+----------------------------------------------------+---------------------+------------------------+
Note: All latches listed above may not be present at the end of synthesis due to various synthesis optimizations.


+------------------------------------------------------+
; General Register Statistics                          ;
+----------------------------------------------+-------+
; Statistic                                    ; Value ;
+----------------------------------------------+-------+
; Total registers                              ; 0     ;
; Number of registers using Synchronous Clear  ; 0     ;
; Number of registers using Synchronous Load   ; 0     ;
; Number of registers using Asynchronous Clear ; 0     ;
; Number of registers using Asynchronous Load  ; 0     ;
; Number of registers using Clock Enable       ; 0     ;
; Number of registers using Preset             ; 0     ;
+----------------------------------------------+-------+


+-------------------------------+
; Analysis & Synthesis Messages ;
+-------------------------------+
Info: *******************************************************************
Info: Running Quartus II Analysis & Synthesis
    Info: Version 8.1 Build 163 10/28/2008 SJ Web Edition
    Info: Processing started: Wed May 01 02:54:53 2019
Info: Command: quartus_map --read_settings_files=on --write_settings_files=off lab3 -c float_add
Info: Found 1 design units, including 1 entities, in source file adder.v
    Info: Found entity 1: adder
Info: Found 1 design units, including 1 entities, in source file adder_tb.v
    Info: Found entity 1: adder_tb
Info: Found 1 design units, including 1 entities, in source file big_number_first.v
    Info: Found entity 1: big_number_first
Info: Found 1 design units, including 1 entities, in source file big_number_first_tb.v
    Info: Found entity 1: big_number_first_tb
Info: Found 1 design units, including 1 entities, in source file float_add.v
    Info: Found entity 1: float_add
Info: Found 1 design units, including 1 entities, in source file float_add_tb.v
    Info: Found entity 1: float_add_tb
Info: Found 1 design units, including 1 entities, in source file fullAdder.v
    Info: Found entity 1: fullAdder
Info: Found 1 design units, including 1 entities, in source file shifter.v
    Info: Found entity 1: shifter
Info: Found 1 design units, including 1 entities, in source file shifter_tb.v
    Info: Found entity 1: shifter_tb
Info: Elaborating entity "float_add" for the top level hierarchy
Warning (10240): Verilog HDL Always Construct warning at float_add.v(120): inferring latch(es) for variable "numToShift1", which holds its previous value in one or more paths through the always construct
Warning (10240): Verilog HDL Always Construct warning at float_add.v(120): inferring latch(es) for variable "distance3", which holds its previous value in one or more paths through the always construct
Info (10041): Inferred latch for "distance3[0]" at float_add.v(91)
Info (10041): Inferred latch for "distance3[1]" at float_add.v(91)
Info (10041): Inferred latch for "distance3[2]" at float_add.v(91)
Info: Elaborating entity "big_number_first" for hierarchy "big_number_first:step1"
Info: Elaborating entity "shifter" for hierarchy "shifter:step2"
Info: Elaborating entity "adder" for hierarchy "adder:step3"
Info: Elaborating entity "fullAdder" for hierarchy "adder:step3|fullAdder:a0"
Warning: Latch distance3[2] has unsafe behavior
    Warning: Ports D and ENA on the latch are fed by the same signal big_number_first:step1|bOut[7]
Warning: Latch distance3[0] has unsafe behavior
    Warning: Ports D and ENA on the latch are fed by the same signal adder:step3|fullAdder:a4|Cout
Warning: Latch distance3[1] has unsafe behavior
    Warning: Ports D and ENA on the latch are fed by the same signal big_number_first:step1|bOut[6]
Info: Implemented 123 device resources after synthesis - the final resource count might be different
    Info: Implemented 16 input pins
    Info: Implemented 8 output pins
    Info: Implemented 99 logic cells
Info: Quartus II Analysis & Synthesis was successful. 0 errors, 8 warnings
    Info: Peak virtual memory: 205 megabytes
    Info: Processing ended: Wed May 01 02:54:55 2019
    Info: Elapsed time: 00:00:02
    Info: Total CPU time (on all processors): 00:00:01


